==================== 2026-05-26T17:34:32.415364Z | 7ffbacd5-a78b-480d-bea4-23bae75c6620 ====================
17:34:32.425811 [info ]: Starting dbt LSP server
17:34:32.430697 [info ]: Connecting to LSP client on port 8000
17:34:32.440278 [info ]: Successfully connected to LSP client
17:34:32.440312 [info ]: Creating LSP service...
17:34:32.794405 [info ]: Creating LSP server...
17:34:32.794832 [info ]: Starting LSP server...
17:34:33.095661 [info ]: Loading profiles.yml
17:52:14.745639 [info ]: Loading profiles.yml
17:52:15.337278 [info ]: Loading profiles.yml
21:21:52.305175 [info ]: Loading profiles.yml
21:23:04.981473 [info ]: Loading profiles.yml
21:23:05.232524 [info ]: Loading profiles.yml
21:24:52.610694 [info ]: Loading profiles.yml
21:26:04.141114 [info ]: Loading profiles.yml
21:26:04.395762 [info ]: Loading profiles.yml
21:27:30.530731 [info ]: Loading profiles.yml
21:28:45.185425 [info ]: Loading profiles.yml
21:28:45.432910 [info ]: Loading profiles.yml
==================== 2026-05-27T08:13:49.941721Z | de09a109-bdb9-43de-b043-424b06ea7b99 ====================
08:13:49.941851 [info ]: Starting dbt LSP server
08:13:49.941905 [info ]: Connecting to LSP client on port 8000
08:13:49.944535 [info ]: Successfully connected to LSP client
08:13:49.944561 [info ]: Creating LSP service...
08:13:50.145991 [info ]: Creating LSP server...
08:13:50.146016 [info ]: Starting LSP server...
08:13:50.165473 [info ]: Loading profiles.yml
08:13:50.167486 [info ]: Loading profiles.yml
08:13:50.169997 [info ]: Loading profiles.yml
08:13:50.171894 [info ]: Loading profiles.yml
08:13:50.173725 [info ]: Loading profiles.yml
08:14:58.442215 [info ]: Loading profiles.yml
08:14:58.700296 [info ]: Loading profiles.yml
08:17:17.535478 [info ]: Loading profiles.yml
09:44:22.096416 [info ]: Loading profiles.yml
09:45:32.817301 [info ]: Loading profiles.yml
09:45:33.178638 [info ]: Loading profiles.yml
11:39:00.761640 [info ]: Loading profiles.yml
11:39:00.768288 [info ]: Loading profiles.yml
11:39:00.772761 [info ]: Loading profiles.yml
11:39:00.775794 [info ]: Loading profiles.yml
11:39:00.779704 [info ]: Loading profiles.yml
11:39:00.956332 [info ]: Loading profiles.yml
16:47:25.463223 [info ]: Loading profiles.yml
16:56:23.665403 [info ]: Loading profiles.yml
17:10:13.460321 [info ]: Loading profiles.yml
17:11:54.852186 [info ]: Loading profiles.yml
17:17:23.195148 [info ]: Loading profiles.yml
17:18:00.530440 [info ]: Loading profiles.yml
17:20:38.393151 [info ]: Loading profiles.yml
17:21:13.068795 [info ]: Loading profiles.yml
17:21:13.099036 [info ]: Loading profiles.yml
17:21:31.730003 [info ]: Loading profiles.yml
17:21:47.772302 [info ]: Loading profiles.yml
17:22:03.227338 [info ]: Loading profiles.yml
17:22:03.710653 [info ]: Loading profiles.yml
17:22:25.697807 [info ]: Loading profiles.yml
17:22:35.123573 [info ]: Loading profiles.yml
17:53:56.281497 [info ]: Loading profiles.yml
19:36:58.048939 [info ]: Loading profiles.yml
19:54:59.939942 [info ]: Loading profiles.yml
19:55:00.258577 [info ]: Loading profiles.yml
19:56:19.479159 [info ]: Loading profiles.yml
19:56:19.507720 [info ]: Loading profiles.yml
19:56:24.547771 [info ]: Loading profiles.yml
19:56:24.583565 [info ]: Loading profiles.yml
19:56:38.820455 [info ]: Loading profiles.yml
19:56:40.240852 [info ]: Loading profiles.yml
20:05:24.564099 [info ]: Loading profiles.yml
20:05:37.431520 [info ]: Loading profiles.yml
==================== 2026-05-27T22:07:27.749668Z | 7d6fe0f1-1e55-4b58-be09-62dde79c5ddc ====================
22:07:27.757231 [info ]: Starting dbt LSP server
22:07:27.759567 [info ]: Connecting to LSP client on port 8000
22:07:27.775845 [info ]: Successfully connected to LSP client
22:07:27.775875 [info ]: Creating LSP service...
22:07:27.984564 [info ]: Creating LSP server...
22:07:27.985096 [info ]: Starting LSP server...
22:07:28.311091 [info ]: Loading profiles.yml
22:07:28.353398 [info ]: Loading profiles.yml
22:07:28.355611 [info ]: Loading profiles.yml
22:07:28.358071 [info ]: Loading profiles.yml
22:07:28.360680 [info ]: Loading profiles.yml
22:07:28.364148 [info ]: Loading profiles.yml
22:07:28.367421 [info ]: Loading profiles.yml
22:07:28.370663 [info ]: Loading profiles.yml
22:07:28.373634 [info ]: Loading profiles.yml
22:24:47.618365 [info ]: Loading profiles.yml
22:28:50.659493 [info ]: Loading profiles.yml
22:29:02.360370 [info ]: Loading profiles.yml
22:29:02.813725 [info ]: Loading profiles.yml
22:29:03.848477 [info ]: Loading profiles.yml
22:29:42.217206 [info ]: Loading profiles.yml
22:29:53.042567 [info ]: Loading profiles.yml
22:30:01.825401 [info ]: Loading profiles.yml
22:30:23.369761 [info ]: Loading profiles.yml
22:30:31.367835 [info ]: Loading profiles.yml
22:30:32.693250 [info ]: Loading profiles.yml
22:32:13.786495 [info ]: Loading profiles.yml
22:32:21.631745 [info ]: Loading profiles.yml
22:32:22.004924 [info ]: Loading profiles.yml
22:32:23.276958 [info ]: Loading profiles.yml
22:35:34.501796 [info ]: Loading profiles.yml
22:35:43.322478 [info ]: Loading profiles.yml
22:35:43.822097 [info ]: Loading profiles.yml
22:35:44.351578 [info ]: Loading profiles.yml
22:35:45.375848 [info ]: Loading profiles.yml
22:37:09.567991 [info ]: Loading profiles.yml
22:37:22.594833 [info ]: Loading profiles.yml
22:37:48.703817 [info ]: Loading profiles.yml
22:38:20.601035 [info ]: Loading profiles.yml
22:52:33.771970 [info ]: Loading profiles.yml
22:54:09.786895 [info ]: Loading profiles.yml
22:54:10.043293 [info ]: Loading profiles.yml
22:57:02.968354 [info ]: Loading profiles.yml
22:57:27.327085 [info ]: Loading profiles.yml
22:57:27.748927 [info ]: Loading profiles.yml
22:57:29.185537 [info ]: Loading profiles.yml
22:57:46.347904 [info ]: Loading profiles.yml
22:57:55.512211 [info ]: Loading profiles.yml
23:14:15.736058 [info ]: Loading profiles.yml
23:15:15.249837 [info ]: Loading profiles.yml
23:15:15.275397 [info ]: Loading profiles.yml
23:15:26.474646 [info ]: Loading profiles.yml
23:15:26.912773 [info ]: Loading profiles.yml
23:15:27.951431 [info ]: Loading profiles.yml
23:21:16.875747 [info ]: Loading profiles.yml
23:21:26.386947 [info ]: Loading profiles.yml
23:24:29.086231 [info ]: Loading profiles.yml
23:24:39.800793 [info ]: Loading profiles.yml
23:25:58.564303 [info ]: Loading profiles.yml
23:26:00.509967 [info ]: Loading profiles.yml
23:26:26.323034 [info ]: Loading profiles.yml
23:26:34.688114 [info ]: Loading profiles.yml
23:27:29.652454 [info ]: Loading profiles.yml
23:27:38.776871 [info ]: Loading profiles.yml
23:29:04.952605 [info ]: Loading profiles.yml
23:29:13.800188 [info ]: Loading profiles.yml
23:32:24.439125 [info ]: Loading profiles.yml
23:32:33.056700 [info ]: Loading profiles.yml
23:33:43.191954 [info ]: Loading profiles.yml
23:33:52.723361 [info ]: Loading profiles.yml
23:34:04.152013 [info ]: Loading profiles.yml
23:34:04.436167 [info ]: Loading profiles.yml
23:34:05.035700 [info ]: Loading profiles.yml
23:34:06.493767 [info ]: Loading profiles.yml
23:35:10.311851 [info ]: Loading profiles.yml
23:35:17.328337 [info ]: Loading profiles.yml
23:35:17.590980 [info ]: Loading profiles.yml
23:35:19.622170 [info ]: Loading profiles.yml
23:35:25.926533 [info ]: Loading profiles.yml
==================== 2026-05-27T23:42:58.144300Z | 2d6b5d6d-0ff4-4bc1-87f4-324ffd07c008 ====================
23:42:58.147507 [info ]: Starting dbt LSP server
23:42:58.149656 [info ]: Connecting to LSP client on port 8000
23:42:58.159430 [info ]: Successfully connected to LSP client
23:42:58.159508 [info ]: Creating LSP service...
23:42:58.338361 [info ]: Creating LSP server...
23:42:58.338385 [info ]: Starting LSP server...
23:42:58.481184 [info ]: Loading profiles.yml
23:42:58.507530 [info ]: Loading profiles.yml
23:43:34.272407 [info ]: Loading profiles.yml
23:43:43.180743 [info ]: Loading profiles.yml
06:07:09.144998 [info ]: Loading profiles.yml
06:07:27.571287 [info ]: Loading profiles.yml
06:07:28.860401 [info ]: Loading profiles.yml
06:19:18.821872 [info ]: Loading profiles.yml
06:33:39.615224 [info ]: Loading profiles.yml
06:35:12.477915 [info ]: Loading profiles.yml
06:35:26.375091 [info ]: Loading profiles.yml
06:35:27.081418 [info ]: Loading profiles.yml
06:35:27.362481 [info ]: Loading profiles.yml
06:39:02.996840 [info ]: Loading profiles.yml
06:39:15.185402 [info ]: Loading profiles.yml
06:39:15.560422 [info ]: Loading profiles.yml
06:39:16.371768 [info ]: Loading profiles.yml
06:39:28.414663 [info ]: Loading profiles.yml
06:39:36.647908 [info ]: Loading profiles.yml
06:40:19.073166 [info ]: Loading profiles.yml
06:40:33.276274 [info ]: Loading profiles.yml
06:40:33.732649 [info ]: Loading profiles.yml
06:43:53.259087 [info ]: Loading profiles.yml
06:44:52.809660 [info ]: Loading profiles.yml
06:45:01.827015 [info ]: Loading profiles.yml
06:45:40.873354 [info ]: Loading profiles.yml
06:45:52.311295 [info ]: Loading profiles.yml
06:46:34.596828 [info ]: Loading profiles.yml
06:46:43.133123 [info ]: Loading profiles.yml
06:47:14.265337 [info ]: Loading profiles.yml
06:47:30.179640 [info ]: Loading profiles.yml
06:47:31.164906 [info ]: Loading profiles.yml
06:49:29.101549 [info ]: Loading profiles.yml
06:49:45.804261 [info ]: Loading profiles.yml
08:07:11.899485 [info ]: Loading profiles.yml
08:07:12.197181 [info ]: Loading profiles.yml
08:25:39.446838 [info ]: Loading profiles.yml
08:25:50.538835 [info ]: Loading profiles.yml
08:25:50.929216 [info ]: Loading profiles.yml
08:25:52.169370 [info ]: Loading profiles.yml
08:28:13.154641 [info ]: Loading profiles.yml
08:35:31.895963 [info ]: Loading profiles.yml
08:53:48.451647 [info ]: Loading profiles.yml
08:54:03.027245 [info ]: Loading profiles.yml
08:54:03.544190 [info ]: Loading profiles.yml
08:54:04.952910 [info ]: Loading profiles.yml
08:54:40.492396 [info ]: Loading profiles.yml
08:54:48.347904 [info ]: Loading profiles.yml
09:44:01.076432 [info ]: Loading profiles.yml
09:44:36.238954 [info ]: Loading profiles.yml
09:44:36.536354 [info ]: Loading profiles.yml
09:50:36.860617 [info ]: Loading profiles.yml
09:56:42.023709 [info ]: Loading profiles.yml
09:56:42.051103 [info ]: Loading profiles.yml
09:56:42.058288 [info ]: Loading profiles.yml
09:58:14.775353 [info ]: Loading profiles.yml
10:01:07.490468 [info ]: Loading profiles.yml
10:01:18.279294 [info ]: Loading profiles.yml
10:01:18.581547 [info ]: Loading profiles.yml
10:01:19.582145 [info ]: Loading profiles.yml
10:01:20.678654 [info ]: Loading profiles.yml
10:04:18.703649 [info ]: Loading profiles.yml
10:05:12.369997 [info ]: Loading profiles.yml
10:05:12.377997 [info ]: Loading profiles.yml
10:06:37.265283 [info ]: Loading profiles.yml
10:06:45.460271 [info ]: Loading profiles.yml
10:06:45.881375 [info ]: Loading profiles.yml
10:06:48.168547 [info ]: Loading profiles.yml
10:06:49.214595 [info ]: Loading profiles.yml
10:09:31.325335 [info ]: Loading profiles.yml
10:09:48.628485 [info ]: Loading profiles.yml
10:09:49.084117 [info ]: Loading profiles.yml
10:09:50.214053 [info ]: Loading profiles.yml
10:09:50.653879 [info ]: Loading profiles.yml
10:09:52.146343 [info ]: Loading profiles.yml
10:10:39.273893 [info ]: Loading profiles.yml
10:10:46.316758 [info ]: Loading profiles.yml
10:10:46.615980 [info ]: Loading profiles.yml
10:10:46.915759 [info ]: Loading profiles.yml
10:10:48.063081 [info ]: Loading profiles.yml
10:10:48.831443 [info ]: Loading profiles.yml
10:10:49.755665 [info ]: Loading profiles.yml
10:11:53.592630 [info ]: Loading profiles.yml
10:12:46.716333 [info ]: Loading profiles.yml
10:12:47.034315 [info ]: Loading profiles.yml
10:18:25.232510 [info ]: Loading profiles.yml
10:18:25.244938 [info ]: Loading profiles.yml
10:19:54.142229 [info ]: Loading profiles.yml
10:20:41.283296 [info ]: Loading profiles.yml
10:20:50.090193 [info ]: Loading profiles.yml
10:20:50.591128 [info ]: Loading profiles.yml
10:20:51.076706 [info ]: Loading profiles.yml
10:20:51.691327 [info ]: Loading profiles.yml
10:20:52.469511 [info ]: Loading profiles.yml
10:20:54.798048 [info ]: Loading profiles.yml
10:22:44.686727 [info ]: Loading profiles.yml
10:22:52.863999 [info ]: Loading profiles.yml
10:22:53.556998 [info ]: Loading profiles.yml
10:22:54.577972 [info ]: Loading profiles.yml
10:22:55.205192 [info ]: Loading profiles.yml
10:22:56.217258 [info ]: Loading profiles.yml
10:22:56.606424 [info ]: Loading profiles.yml
10:22:57.357844 [info ]: Loading profiles.yml
10:23:43.669061 [info ]: Loading profiles.yml
10:23:52.039809 [info ]: Loading profiles.yml
10:23:52.667254 [info ]: Loading profiles.yml
10:23:53.784875 [info ]: Loading profiles.yml
10:23:54.411968 [info ]: Loading profiles.yml
10:23:55.330190 [info ]: Loading profiles.yml
10:23:56.166018 [info ]: Loading profiles.yml
10:23:56.920160 [info ]: Loading profiles.yml
10:33:30.750545 [info ]: Loading profiles.yml
10:33:38.455533 [info ]: Loading profiles.yml
10:33:39.329497 [info ]: Loading profiles.yml
10:33:40.358535 [info ]: Loading profiles.yml
10:33:40.799648 [info ]: Loading profiles.yml
10:33:42.094654 [info ]: Loading profiles.yml
10:33:42.625207 [info ]: Loading profiles.yml
10:33:43.110594 [info ]: Loading profiles.yml
10:34:52.304030 [info ]: Loading profiles.yml
10:34:59.590208 [info ]: Loading profiles.yml
10:34:59.935604 [info ]: Loading profiles.yml
10:35:00.451880 [info ]: Loading profiles.yml
10:35:01.350186 [info ]: Loading profiles.yml
10:35:02.120302 [info ]: Loading profiles.yml
10:35:03.018155 [info ]: Loading profiles.yml
10:35:04.359755 [info ]: Loading profiles.yml
10:36:17.508057 [info ]: Loading profiles.yml
10:37:10.408801 [info ]: Loading profiles.yml
10:37:18.185205 [info ]: Loading profiles.yml
10:37:18.622198 [info ]: Loading profiles.yml
10:37:19.047471 [info ]: Loading profiles.yml
10:37:20.481683 [info ]: Loading profiles.yml
10:37:20.935441 [info ]: Loading profiles.yml
10:37:21.279080 [info ]: Loading profiles.yml
10:37:21.701997 [info ]: Loading profiles.yml
10:37:22.233973 [info ]: Loading profiles.yml
10:37:22.560810 [info ]: Loading profiles.yml
10:37:22.874639 [info ]: Loading profiles.yml
10:38:10.836947 [info ]: Loading profiles.yml
10:38:19.106798 [info ]: Loading profiles.yml
10:38:19.798138 [info ]: Loading profiles.yml
10:38:22.305542 [info ]: Loading profiles.yml
10:38:24.944666 [info ]: Loading profiles.yml
10:38:25.784656 [info ]: Loading profiles.yml
10:38:26.916353 [info ]: Loading profiles.yml
10:38:27.255834 [info ]: Loading profiles.yml
10:38:28.169930 [info ]: Loading profiles.yml
10:38:53.663471 [info ]: Loading profiles.yml
10:38:53.973787 [info ]: Loading profiles.yml
10:43:40.533838 [info ]: Loading profiles.yml
10:45:51.697218 [info ]: Loading profiles.yml
10:45:51.748935 [info ]: Started loading project
10:45:51.754651 [info ]: Loading profiles.yml
10:45:51.765353 [info ]: Finished loading project [  0.02s]
10:45:52.097416 [info ]: Loading profiles.yml
10:45:52.621048 [info ]: Loading profiles.yml
10:49:03.843271 [info ]: Loading profiles.yml
10:49:04.358356 [info ]: Loading profiles.yml
10:49:04.808962 [info ]: Loading profiles.yml
10:49:05.747261 [info ]: Loading profiles.yml
10:49:06.358159 [info ]: Loading profiles.yml
10:49:06.778456 [info ]: Loading profiles.yml
10:49:07.845865 [info ]: Loading profiles.yml
10:49:08.505211 [info ]: Loading profiles.yml
10:49:09.223010 [info ]: Loading profiles.yml
11:06:43.301410 [info ]: Loading profiles.yml
11:06:43.585535 [info ]: Loading profiles.yml
11:07:44.253660 [info ]: Loading profiles.yml
11:09:03.364339 [info ]: Loading profiles.yml
11:10:17.996807 [info ]: Loading profiles.yml
11:12:18.568952 [info ]: Loading profiles.yml
11:18:57.014644 [info ]: Loading profiles.yml
11:19:11.533623 [info ]: Loading profiles.yml
11:19:15.458750 [info ]: Loading profiles.yml
11:19:19.837382 [info ]: Loading profiles.yml
11:20:01.942770 [info ]: Loading profiles.yml
11:20:04.287864 [info ]: Loading profiles.yml
11:20:23.125222 [info ]: Loading profiles.yml
11:20:24.670733 [info ]: Loading profiles.yml
11:20:27.479622 [info ]: Loading profiles.yml
11:21:19.019502 [info ]: Loading profiles.yml
11:22:45.906121 [info ]: Loading profiles.yml
11:23:06.882371 [info ]: Loading profiles.yml
11:23:30.800829 [info ]: Loading profiles.yml
11:23:33.507240 [info ]: Loading profiles.yml
11:24:00.088358 [info ]: Loading profiles.yml
11:30:42.294912 [info ]: Loading profiles.yml
11:30:52.187873 [info ]: Loading profiles.yml
==================== 2026-05-28T11:47:48.913487Z | 06be96aa-82e8-4a21-90b6-5679990875d1 ====================
11:47:48.916738 [info ]: Starting dbt LSP server
11:47:48.918583 [info ]: Connecting to LSP client on port 8000
11:47:48.970046 [info ]: Successfully connected to LSP client
11:47:48.970100 [info ]: Creating LSP service...
11:47:49.331966 [info ]: Creating LSP server...
11:47:49.332014 [info ]: Starting LSP server...
11:47:49.837121 [info ]: Loading profiles.yml
11:47:49.871835 [info ]: Loading profiles.yml
11:47:49.879349 [info ]: Loading profiles.yml
11:47:49.883079 [info ]: Loading profiles.yml
11:47:49.885420 [info ]: Loading profiles.yml
11:47:49.888454 [info ]: Loading profiles.yml
11:47:49.897114 [info ]: Loading profiles.yml
11:47:49.901082 [info ]: Loading profiles.yml
11:47:49.903733 [info ]: Loading profiles.yml
11:47:49.909363 [info ]: Loading profiles.yml
11:47:49.915364 [info ]: Loading profiles.yml
11:47:49.919644 [info ]: Loading profiles.yml
11:47:49.924574 [info ]: Loading profiles.yml
11:47:49.931918 [info ]: Loading profiles.yml
11:47:49.934928 [info ]: Loading profiles.yml
11:47:49.937271 [info ]: Loading profiles.yml
11:50:54.228900 [info ]: Loading profiles.yml
11:51:34.265199 [info ]: Loading profiles.yml
11:55:10.553935 [info ]: Loading profiles.yml
11:55:20.827918 [info ]: Loading profiles.yml
11:56:13.911166 [info ]: Loading profiles.yml
11:56:25.331353 [info ]: Loading profiles.yml
11:58:26.980841 [info ]: Loading profiles.yml
11:58:50.930397 [info ]: Loading profiles.yml
12:00:10.892914 [info ]: Loading profiles.yml
12:00:18.818796 [info ]: Loading profiles.yml
12:00:44.680928 [info ]: Loading profiles.yml
12:01:46.399770 [info ]: Loading profiles.yml
12:03:34.189642 [info ]: Loading profiles.yml
12:03:34.499958 [info ]: Loading profiles.yml
12:14:30.735921 [info ]: Loading profiles.yml
12:15:16.846138 [info ]: Loading profiles.yml
12:15:17.085400 [info ]: Loading profiles.yml
12:21:10.689174 [info ]: Loading profiles.yml
12:23:51.050716 [info ]: Loading profiles.yml
12:24:41.009597 [info ]: Loading profiles.yml
12:24:53.942138 [info ]: Loading profiles.yml
12:24:54.491136 [info ]: Loading profiles.yml
12:24:55.697821 [info ]: Loading profiles.yml
12:24:56.199688 [info ]: Loading profiles.yml
12:24:57.519166 [info ]: Loading profiles.yml
12:24:59.209080 [info ]: Loading profiles.yml
12:32:35.712242 [info ]: Loading profiles.yml
12:32:36.474713 [info ]: Loading profiles.yml
12:32:36.743121 [info ]: Loading profiles.yml
12:32:37.563752 [info ]: Loading profiles.yml
12:32:38.065921 [info ]: Loading profiles.yml
12:32:38.347677 [info ]: Loading profiles.yml
12:32:39.196894 [info ]: Loading profiles.yml
12:32:39.884616 [info ]: Loading profiles.yml
12:32:41.066929 [info ]: Loading profiles.yml
12:34:00.744006 [info ]: Loading profiles.yml
12:34:09.796501 [info ]: Loading profiles.yml
12:34:10.109246 [info ]: Loading profiles.yml
12:34:10.600963 [info ]: Loading profiles.yml
12:34:10.859092 [info ]: Loading profiles.yml
12:34:13.383327 [info ]: Loading profiles.yml
12:34:14.655796 [info ]: Loading profiles.yml
12:34:14.917557 [info ]: Loading profiles.yml
12:37:30.804391 [info ]: Loading profiles.yml
12:37:45.047114 [info ]: Loading profiles.yml
12:38:29.289183 [info ]: Loading profiles.yml
12:39:33.851827 [info ]: Loading profiles.yml
12:39:33.913608 [info ]: Loading profiles.yml
12:39:43.025777 [info ]: Loading profiles.yml
12:39:43.791449 [info ]: Loading profiles.yml
12:39:44.428463 [info ]: Loading profiles.yml
12:39:45.555987 [info ]: Loading profiles.yml
12:39:46.168028 [info ]: Loading profiles.yml
12:39:47.016299 [info ]: Loading profiles.yml
12:39:47.851079 [info ]: Loading profiles.yml
12:39:48.855128 [info ]: Loading profiles.yml
12:40:21.483063 [info ]: Loading profiles.yml
12:40:29.035937 [info ]: Loading profiles.yml
12:40:38.290927 [info ]: Loading profiles.yml
12:40:53.855567 [info ]: Loading profiles.yml
12:41:14.932356 [info ]: Loading profiles.yml
12:41:37.255661 [info ]: Loading profiles.yml
12:41:49.525157 [info ]: Loading profiles.yml
12:41:50.060168 [info ]: Loading profiles.yml
12:41:50.485683 [info ]: Loading profiles.yml
12:41:51.454386 [info ]: Loading profiles.yml
12:41:51.813375 [info ]: Loading profiles.yml
12:41:52.093449 [info ]: Loading profiles.yml
12:41:52.688741 [info ]: Loading profiles.yml
12:41:53.064876 [info ]: Loading profiles.yml
12:41:53.849278 [info ]: Loading profiles.yml
12:41:54.254481 [info ]: Loading profiles.yml
12:41:54.533602 [info ]: Loading profiles.yml
12:42:09.945656 [info ]: Loading profiles.yml
12:42:44.353619 [info ]: Loading profiles.yml
12:43:05.385149 [info ]: Loading profiles.yml
12:43:05.420275 [info ]: Loading profiles.yml
12:43:13.388405 [info ]: Loading profiles.yml
12:43:13.911373 [info ]: Loading profiles.yml
12:43:14.364109 [info ]: Loading profiles.yml
12:43:15.160011 [info ]: Loading profiles.yml
12:43:16.856121 [info ]: Loading profiles.yml
12:43:18.565202 [info ]: Loading profiles.yml
12:46:50.996207 [info ]: Loading profiles.yml
12:53:31.275353 [info ]: Loading profiles.yml
12:54:48.279538 [info ]: Loading profiles.yml
12:55:26.361072 [info ]: Loading profiles.yml
12:55:36.984128 [info ]: Loading profiles.yml
12:55:37.327824 [info ]: Loading profiles.yml
12:55:39.710068 [info ]: Loading profiles.yml
12:55:39.982997 [info ]: Loading profiles.yml
12:55:40.826780 [info ]: Loading profiles.yml
12:55:42.000436 [info ]: Loading profiles.yml
13:02:42.517835 [info ]: Loading profiles.yml
13:03:12.760970 [info ]: Loading profiles.yml
13:03:13.406471 [info ]: Loading profiles.yml
13:03:14.299772 [info ]: Loading profiles.yml
13:03:16.076378 [info ]: Loading profiles.yml
13:03:16.825225 [info ]: Loading profiles.yml
13:03:17.357654 [info ]: Loading profiles.yml
13:03:18.026923 [info ]: Loading profiles.yml
13:03:18.311990 [info ]: Loading profiles.yml
13:04:25.511377 [info ]: Loading profiles.yml
13:04:26.339139 [info ]: Loading profiles.yml
14:33:04.422830 [info ]: Loading profiles.yml
14:33:04.545825 [info ]: Loading profiles.yml
14:35:37.101460 [info ]: Loading profiles.yml
14:35:37.413558 [info ]: Loading profiles.yml
14:36:11.193505 [info ]: Loading profiles.yml
14:38:14.296975 [info ]: Loading profiles.yml
14:40:55.786290 [info ]: Loading profiles.yml
14:42:06.519923 [info ]: Loading profiles.yml
14:42:17.324846 [info ]: Loading profiles.yml
14:42:18.672616 [info ]: Loading profiles.yml
14:42:19.423469 [info ]: Loading profiles.yml
14:42:20.003774 [info ]: Loading profiles.yml
14:42:21.121956 [info ]: Loading profiles.yml
14:42:21.836211 [info ]: Loading profiles.yml
14:42:23.306452 [info ]: Loading profiles.yml
14:42:24.151838 [info ]: Loading profiles.yml
14:43:54.950050 [info ]: Loading profiles.yml
14:44:08.168967 [info ]: Loading profiles.yml
14:44:08.975486 [info ]: Loading profiles.yml
14:44:09.284458 [info ]: Loading profiles.yml
14:44:10.373655 [info ]: Loading profiles.yml
14:44:11.108266 [info ]: Loading profiles.yml
14:44:11.512235 [info ]: Loading profiles.yml
14:44:12.015226 [info ]: Loading profiles.yml
14:44:12.868310 [info ]: Loading profiles.yml
14:44:13.324736 [info ]: Loading profiles.yml
14:44:14.562248 [info ]: Loading profiles.yml
14:49:52.765773 [info ]: Loading profiles.yml
14:49:53.072806 [info ]: Loading profiles.yml
14:52:44.231273 [info ]: Loading profiles.yml
14:52:44.259510 [info ]: Loading profiles.yml
14:54:55.535194 [info ]: Loading profiles.yml
14:55:07.590922 [info ]: Loading profiles.yml
14:55:07.857057 [info ]: Loading profiles.yml
14:55:09.258805 [info ]: Loading profiles.yml
14:55:10.610703 [info ]: Loading profiles.yml
14:55:11.469316 [info ]: Loading profiles.yml
14:55:12.845985 [info ]: Loading profiles.yml
14:55:13.326156 [info ]: Loading profiles.yml
14:58:45.704943 [info ]: Loading profiles.yml
14:59:25.843250 [info ]: Loading profiles.yml
14:59:55.584462 [info ]: Loading profiles.yml
14:59:55.850166 [info ]: Loading profiles.yml
14:59:56.759247 [info ]: Loading profiles.yml
14:59:57.039917 [info ]: Loading profiles.yml
14:59:57.348794 [info ]: Loading profiles.yml
14:59:57.972873 [info ]: Loading profiles.yml
14:59:59.355205 [info ]: Loading profiles.yml
14:59:59.794622 [info ]: Loading profiles.yml
15:00:00.413445 [info ]: Loading profiles.yml
15:00:00.727009 [info ]: Loading profiles.yml
15:00:01.481353 [info ]: Loading profiles.yml
15:00:02.481824 [info ]: Loading profiles.yml
15:00:03.452807 [info ]: Loading profiles.yml
15:01:10.930229 [info ]: Loading profiles.yml
15:03:01.135760 [info ]: Started loading project
15:03:01.142402 [info ]: Finished loading project [  0.01s]
15:03:11.505038 [info ]: Loading profiles.yml
15:03:11.557670 [info ]: Started loading project
15:03:11.558776 [info ]: Loading profiles.yml
15:03:11.563279 [info ]: Finished loading project [  0.01s]
15:03:11.906150 [info ]: Loading profiles.yml
15:03:12.589710 [info ]: Loading profiles.yml
15:03:37.908920 [info ]: Loading profiles.yml
15:03:39.223022 [info ]: Loading profiles.yml
15:03:40.543772 [info ]: Loading profiles.yml
15:03:40.995673 [info ]: Loading profiles.yml
15:03:41.740650 [info ]: Loading profiles.yml
15:03:43.965899 [info ]: Loading profiles.yml
15:03:44.901398 [info ]: Loading profiles.yml
15:07:40.991509 [info ]: Loading profiles.yml
15:07:41.848313 [info ]: Loading profiles.yml
15:11:18.946158 [info ]: Loading profiles.yml
